<?xml version="1.0" encoding="UTF-8"?>
<!-- Generated by org.testng.reporters.JUnitReportReporter -->
<testsuite hostname="sanjay1670-01" name="com.test.hotelbooking.HotelBookingTest" tests="1" failures="0" timestamp="23 May 2019 18:20:27 GMT" time="17.733" errors="0">
  <testcase name="shouldBeAbleToSearchForHotels" time="17.733" classname="com.test.hotelbooking.HotelBookingTest"/>
</testsuite> <!-- com.test.hotelbooking.HotelBookingTest -->
