<?xml version="1.0" encoding="UTF-8"?>
<!-- Generated by org.testng.reporters.JUnitReportReporter -->
<testsuite hostname="sanjay1670-01" name="com.test.singin.SignInTest" tests="1" failures="0" timestamp="23 May 2019 18:06:19 GMT" time="7.641" errors="0">
  <testcase name="shouldThrowAnErrorIfSignInDetailsAreMissing" time="7.641" classname="com.test.singin.SignInTest"/>
</testsuite> <!-- com.test.singin.SignInTest -->
