<?xml version="1.0" encoding="UTF-8"?>
<!-- Generated by org.testng.reporters.JUnitReportReporter -->
<testsuite hostname="sanjay1670-01" name="SignInTest" tests="1" failures="0" timestamp="22 May 2019 18:08:34 GMT" time="9.175" errors="0">
  <testcase name="shouldThrowAnErrorIfSignInDetailsAreMissing" time="9.175" classname="SignInTest"/>
</testsuite> <!-- SignInTest -->
