<?xml version="1.0" encoding="UTF-8"?>
<!-- Generated by org.testng.reporters.JUnitReportReporter -->
<testsuite hostname="sanjay1670-01" name="com.test.singin.SignInTest" tests="1" failures="0" timestamp="24 May 2019 06:07:05 GMT" time="12.483" errors="0">
  <testcase name="shouldThrowAnErrorIfSignInDetailsAreMissing" time="12.483" classname="com.test.singin.SignInTest"/>
</testsuite> <!-- com.test.singin.SignInTest -->
