<?xml version="1.0" encoding="UTF-8"?>
<!-- Generated by org.testng.reporters.JUnitReportReporter -->
<testsuite hostname="sanjay1670-01" name="com.test.flightbooking.FlightBookingTest" tests="1" failures="0" timestamp="24 May 2019 06:07:05 GMT" time="18.014" errors="0">
  <testcase name="testThatResultsAppearForAOneWayJourney" time="18.014" classname="com.test.flightbooking.FlightBookingTest"/>
</testsuite> <!-- com.test.flightbooking.FlightBookingTest -->
