<?xml version="1.0" encoding="UTF-8"?>
<!-- Generated by org.testng.reporters.JUnitReportReporter -->
<testsuite hostname="sanjay1670-01" name="com.test.hotelbooking.HotelBookingTest" tests="1" failures="0" timestamp="24 May 2019 06:07:05 GMT" time="69.131" errors="0">
  <testcase name="shouldBeAbleToSearchForHotels" time="69.131" classname="com.test.hotelbooking.HotelBookingTest"/>
</testsuite> <!-- com.test.hotelbooking.HotelBookingTest -->
