<?xml version="1.0" encoding="UTF-8"?>
<!-- Generated by org.testng.reporters.JUnitReportReporter -->
<testsuite hostname="sanjay1670-01" name="com.test.flightbooking.FlightBookingTest" tests="1" failures="0" timestamp="23 May 2019 18:10:53 GMT" time="19.616" errors="0">
  <testcase name="testThatResultsAppearForAOneWayJourney" time="19.616" classname="com.test.flightbooking.FlightBookingTest"/>
</testsuite> <!-- com.test.flightbooking.FlightBookingTest -->
